<?xml version="1.0" encoding="utf-8"?><testsuites name="pytest tests"><testsuite name="pytest" errors="0" failures="0" skipped="0" tests="15" time="6.687" timestamp="2026-04-05T13:03:38.712240+00:00" hostname="agent-env-fade2d93-b2d5-4364-aa98-7e969041045c"><testcase classname="tests.test_cloud_storage.TestCloudStorageAPI" name="test_admin_login" time="0.361" /><testcase classname="tests.test_cloud_storage.TestCloudStorageAPI" name="test_hr_login" time="0.333" /><testcase classname="tests.test_cloud_storage.TestCloudStorageAPI" name="test_list_documents_requires_auth" time="0.102" /><testcase classname="tests.test_cloud_storage.TestCloudStorageAPI" name="test_list_documents_admin" time="0.365" /><testcase classname="tests.test_cloud_storage.TestCloudStorageAPI" name="test_list_documents_hr" time="0.386" /><testcase classname="tests.test_cloud_storage.TestCloudStorageAPI" name="test_upload_document_policy_terms_admin" time="0.535" /><testcase classname="tests.test_cloud_storage.TestCloudStorageAPI" name="test_upload_document_ecards_admin" time="0.523" /><testcase classname="tests.test_cloud_storage.TestCloudStorageAPI" name="test_upload_document_hr" time="0.531" /><testcase classname="tests.test_cloud_storage.TestCloudStorageAPI" name="test_upload_requires_auth" time="0.102" /><testcase classname="tests.test_cloud_storage.TestCloudStorageAPI" name="test_download_document" time="0.686" /><testcase classname="tests.test_cloud_storage.TestCloudStorageAPI" name="test_download_nonexistent_document" time="0.367" /><testcase classname="tests.test_cloud_storage.TestCloudStorageAPI" name="test_delete_document_admin" time="0.634" /><testcase classname="tests.test_cloud_storage.TestCloudStorageAPI" name="test_delete_nonexistent_document" time="0.366" /><testcase classname="tests.test_cloud_storage.TestCloudStorageAPI" name="test_list_documents_by_category" time="0.627" /><testcase classname="tests.test_cloud_storage.TestCloudStorageAPI" name="test_cleanup_test_documents" time="0.706" /></testsuite></testsuites>