<?xml version="1.0" encoding="utf-8"?><testsuites name="pytest tests"><testsuite name="pytest" errors="0" failures="0" skipped="0" tests="11" time="3.201" timestamp="2026-04-05T16:57:52.892389+00:00" hostname="agent-env-fade2d93-b2d5-4364-aa98-7e969041045c"><testcase classname="backend.tests.test_hr_dashboard_summary.TestHRDashboardAnalytics" name="test_admin_login" time="0.445" /><testcase classname="backend.tests.test_hr_dashboard_summary.TestHRDashboardAnalytics" name="test_hr_login" time="0.335" /><testcase classname="backend.tests.test_hr_dashboard_summary.TestHRDashboardAnalytics" name="test_dashboard_analytics_endpoint_exists" time="0.462" /><testcase classname="backend.tests.test_hr_dashboard_summary.TestHRDashboardAnalytics" name="test_dashboard_analytics_response_structure" time="0.123" /><testcase classname="backend.tests.test_hr_dashboard_summary.TestHRDashboardAnalytics" name="test_hr_data_isolation_in_analytics" time="0.803" /><testcase classname="backend.tests.test_hr_dashboard_summary.TestHRDashboardAnalytics" name="test_hr_endorsements_filtered_by_submitted_by" time="0.113" /><testcase classname="backend.tests.test_hr_dashboard_summary.TestHRDashboardAnalytics" name="test_admin_sees_all_endorsements" time="0.100" /><testcase classname="backend.tests.test_hr_dashboard_summary.TestHRDashboardAnalytics" name="test_analytics_by_endorsement_type_structure" time="0.112" /><testcase classname="backend.tests.test_hr_dashboard_summary.TestHRDashboardAnalytics" name="test_analytics_requires_authentication" time="0.116" /><testcase classname="backend.tests.test_hr_dashboard_summary.TestHREndorsementsAPI" name="test_get_endorsements_returns_list" time="0.431" /><testcase classname="backend.tests.test_hr_dashboard_summary.TestHREndorsementsAPI" name="test_endorsement_has_required_fields" time="0.102" /></testsuite></testsuites>