<?xml version="1.0" encoding="utf-8"?><testsuites name="pytest tests"><testsuite name="pytest" errors="0" failures="0" skipped="0" tests="15" time="6.827" timestamp="2026-04-09T19:16:22.324487+00:00" hostname="agent-env-508d9b6f-8816-4713-b04e-99e3222db918"><testcase classname="backend.tests.test_iteration14_features.TestAuthAndAuditLog" name="test_admin_login_creates_audit_entry" time="0.613" /><testcase classname="backend.tests.test_iteration14_features.TestAuthAndAuditLog" name="test_audit_log_endpoint_returns_paginated_results" time="0.172" /><testcase classname="backend.tests.test_iteration14_features.TestAuthAndAuditLog" name="test_audit_log_action_filter" time="0.115" /><testcase classname="backend.tests.test_iteration14_features.TestAuthAndAuditLog" name="test_audit_log_resource_filter" time="0.114" /><testcase classname="backend.tests.test_iteration14_features.TestAuthAndAuditLog" name="test_audit_log_username_search" time="0.169" /><testcase classname="backend.tests.test_iteration14_features.TestAuthAndAuditLog" name="test_hr_cannot_access_audit_log" time="0.480" /><testcase classname="backend.tests.test_iteration14_features.TestPoliciesWithFamilyDefinition" name="test_create_policy_with_family_definition" time="0.685" /><testcase classname="backend.tests.test_iteration14_features.TestPoliciesWithFamilyDefinition" name="test_policy_types_enum_values" time="1.232" /><testcase classname="backend.tests.test_iteration14_features.TestPoliciesWithFamilyDefinition" name="test_family_definition_enum_values" time="0.741" /><testcase classname="backend.tests.test_iteration14_features.TestPoliciesWithFamilyDefinition" name="test_policy_creation_creates_audit_entry" time="0.349" /><testcase classname="backend.tests.test_iteration14_features.TestPoliciesAnalytics" name="test_policies_analytics_returns_family_definition" time="0.511" /><testcase classname="backend.tests.test_iteration14_features.TestClaimsAnalytics" name="test_claims_analytics_returns_all_metrics" time="0.480" /><testcase classname="backend.tests.test_iteration14_features.TestClaimsAnalytics" name="test_claims_ratio_calculation" time="0.100" /><testcase classname="backend.tests.test_iteration14_features.TestClaimsAnalytics" name="test_renewal_pricing_calculation" time="0.138" /><testcase classname="backend.tests.test_iteration14_features.TestClaimCreationAudit" name="test_claim_creation_creates_audit_entry" time="0.844" /></testsuite></testsuites>