<?xml version="1.0" encoding="utf-8"?><testsuites name="pytest tests"><testsuite name="pytest" errors="0" failures="0" skipped="0" tests="11" time="15.110" timestamp="2026-04-09T17:23:43.930414+00:00" hostname="agent-env-fade2d93-b2d5-4364-aa98-7e969041045c"><testcase classname="backend.tests.test_iteration9_features.TestRegistrationRoleRestriction" name="test_register_with_admin_role_returns_403" time="0.289" /><testcase classname="backend.tests.test_iteration9_features.TestRegistrationRoleRestriction" name="test_register_with_hr_role_succeeds" time="0.386" /><testcase classname="backend.tests.test_iteration9_features.TestEndorsementViewEditDelete" name="test_get_endorsements_hr" time="3.595" /><testcase classname="backend.tests.test_iteration9_features.TestEndorsementViewEditDelete" name="test_get_endorsements_admin" time="0.516" /><testcase classname="backend.tests.test_iteration9_features.TestEndorsementViewEditDelete" name="test_get_single_endorsement" time="0.292" /><testcase classname="backend.tests.test_iteration9_features.TestEndorsementViewEditDelete" name="test_update_pending_endorsement_hr" time="0.422" /><testcase classname="backend.tests.test_iteration9_features.TestEndorsementViewEditDelete" name="test_update_approved_endorsement_hr_fails" time="0.231" /><testcase classname="backend.tests.test_iteration9_features.TestEndorsementViewEditDelete" name="test_admin_can_update_any_endorsement" time="0.280" /><testcase classname="backend.tests.test_iteration9_features.TestEndorsementViewEditDelete" name="test_delete_pending_endorsement_hr" time="8.664" /><testcase classname="backend.tests.test_iteration9_features.TestEndorsementViewEditDelete" name="test_delete_approved_endorsement_hr_fails" time="0.241" /><testcase classname="backend.tests.test_iteration9_features.TestEndorsementFieldsForViewDialog" name="test_endorsement_has_all_view_fields" time="0.130" /></testsuite></testsuites>