<?xml version="1.0" encoding="utf-8"?><testsuites name="pytest tests"><testsuite name="pytest" errors="0" failures="0" skipped="0" tests="11" time="6.403" timestamp="2026-04-09T17:38:42.698785+00:00" hostname="agent-env-fade2d93-b2d5-4364-aa98-7e969041045c"><testcase classname="backend.tests.test_iteration10_features.TestAdminUserCreation" name="test_admin_can_create_hr_user" time="0.702" /><testcase classname="backend.tests.test_iteration10_features.TestAdminUserCreation" name="test_admin_can_create_admin_user" time="0.332" /><testcase classname="backend.tests.test_iteration10_features.TestAdminUserCreation" name="test_hr_cannot_create_user" time="0.480" /><testcase classname="backend.tests.test_iteration10_features.TestUniqueEmailEnforcement" name="test_admin_create_rejects_duplicate_email" time="0.457" /><testcase classname="backend.tests.test_iteration10_features.TestUniqueEmailEnforcement" name="test_register_rejects_duplicate_email" time="2.445" /><testcase classname="backend.tests.test_iteration10_features.TestUserListAndDelete" name="test_admin_can_list_users" time="0.103" /><testcase classname="backend.tests.test_iteration10_features.TestUserListAndDelete" name="test_hr_cannot_list_users" time="0.140" /><testcase classname="backend.tests.test_iteration10_features.TestUserListAndDelete" name="test_admin_can_delete_user" time="0.444" /><testcase classname="backend.tests.test_iteration10_features.TestUserListAndDelete" name="test_hr_cannot_delete_user" time="0.474" /><testcase classname="backend.tests.test_iteration10_features.TestCreatedUserCanLogin" name="test_admin_created_user_can_login" time="0.657" /><testcase classname="backend.tests.test_iteration10_features.TestEndorsementFieldsForMyEndorsements" name="test_endorsement_has_dob_gender_sum_insured" time="0.116" /></testsuite></testsuites>