<?xml version="1.0" encoding="utf-8"?><testsuites name="pytest tests"><testsuite name="pytest" errors="0" failures="0" skipped="0" tests="14" time="8.088" timestamp="2026-04-09T18:57:26.809734+00:00" hostname="agent-env-508d9b6f-8816-4713-b04e-99e3222db918"><testcase classname="backend.tests.test_iteration13_features.TestIteration13Backend" name="test_create_policy_with_new_fields" time="0.648" /><testcase classname="backend.tests.test_iteration13_features.TestIteration13Backend" name="test_policy_type_enum_values" time="0.749" /><testcase classname="backend.tests.test_iteration13_features.TestIteration13Backend" name="test_update_policy_with_new_fields" time="0.615" /><testcase classname="backend.tests.test_iteration13_features.TestIteration13Backend" name="test_get_policies_returns_new_fields" time="0.480" /><testcase classname="backend.tests.test_iteration13_features.TestIteration13Backend" name="test_policies_analytics_returns_life_category_totals" time="0.536" /><testcase classname="backend.tests.test_iteration13_features.TestIteration13Backend" name="test_policies_analytics_type_breakdown" time="0.417" /><testcase classname="backend.tests.test_iteration13_features.TestIteration13Backend" name="test_policies_analytics_accessible_by_hr" time="0.442" /><testcase classname="backend.tests.test_iteration13_features.TestIteration13Backend" name="test_claims_analytics_returns_all_metrics" time="0.442" /><testcase classname="backend.tests.test_iteration13_features.TestIteration13Backend" name="test_claims_ratio_calculation" time="0.449" /><testcase classname="backend.tests.test_iteration13_features.TestIteration13Backend" name="test_renewal_expected_pricing_calculation" time="0.471" /><testcase classname="backend.tests.test_iteration13_features.TestIteration13Backend" name="test_claims_analytics_accessible_by_hr" time="0.448" /><testcase classname="backend.tests.test_iteration13_features.TestIteration13Backend" name="test_create_claim_with_policy_type" time="0.523" /><testcase classname="backend.tests.test_iteration13_features.TestIteration13Backend" name="test_claims_list_includes_policy_type" time="0.443" /><testcase classname="backend.tests.test_iteration13_features.TestIteration13Backend" name="test_cleanup_test_data" time="1.345" /></testsuite></testsuites>