<?xml version="1.0" encoding="utf-8"?><testsuites name="pytest tests"><testsuite name="pytest" errors="0" failures="1" skipped="0" tests="16" time="32.147" timestamp="2026-04-05T16:43:49.649216+00:00" hostname="agent-env-fade2d93-b2d5-4364-aa98-7e969041045c"><testcase classname="backend.tests.test_iteration7_features.TestGPAGTLPolicyTypes" name="test_create_gpa_policy" time="0.619" /><testcase classname="backend.tests.test_iteration7_features.TestGPAGTLPolicyTypes" name="test_create_gtl_policy" time="0.112" /><testcase classname="backend.tests.test_iteration7_features.TestGPAGTLPolicyTypes" name="test_policies_list_shows_policy_type" time="0.116" /><testcase classname="backend.tests.test_iteration7_features.TestHRDataIsolation" name="test_hr_create_endorsement" time="10.613" /><testcase classname="backend.tests.test_iteration7_features.TestHRDataIsolation" name="test_hr_sees_only_own_endorsements" time="1.653" /><testcase classname="backend.tests.test_iteration7_features.TestHRDataIsolation" name="test_hr_import_batches_filtered" time="0.248" /><testcase classname="backend.tests.test_iteration7_features.TestCDLedgerPolicyFilter" name="test_cd_ledger_without_filter" time="0.136" /><testcase classname="backend.tests.test_iteration7_features.TestCDLedgerPolicyFilter" name="test_cd_ledger_with_policy_filter" time="0.259" /><testcase classname="backend.tests.test_iteration7_features.TestCDLedgerPolicyFilter" name="test_cd_ledger_add_entry_with_policy" time="0.219"><failure message="AssertionError: Entry should have policy_number&#10;assert None == 'TEST_POL_112123'&#10; +  where None = &lt;built-in method get of dict object at 0xfa31cb534b00&gt;('policy_number')&#10; +    where &lt;built-in method get of dict object at 0xfa31cb534b00&gt; = {'amount': 1000.0, 'id': 'c6eb4cc2-81d2-4c87-ad94-95cd5ca4feff', 'message': 'CD Ledger entry created'}.get">backend/tests/test_iteration7_features.py:235: in test_cd_ledger_add_entry_with_policy
    assert data.get("policy_number") == policy_number, "Entry should have policy_number"
E   AssertionError: Entry should have policy_number
E   assert None == 'TEST_POL_112123'
E    +  where None = &lt;built-in method get of dict object at 0xfa31cb534b00&gt;('policy_number')
E    +    where &lt;built-in method get of dict object at 0xfa31cb534b00&gt; = {'amount': 1000.0, 'id': 'c6eb4cc2-81d2-4c87-ad94-95cd5ca4feff', 'message': 'CD Ledger entry created'}.get</failure></testcase><testcase classname="backend.tests.test_iteration7_features.TestExcelImportE2EFlow" name="test_create_test_policy_for_import" time="0.149" /><testcase classname="backend.tests.test_iteration7_features.TestExcelImportE2EFlow" name="test_excel_preview_endpoint" time="0.698" /><testcase classname="backend.tests.test_iteration7_features.TestExcelImportE2EFlow" name="test_excel_import_creates_batch" time="0.255" /><testcase classname="backend.tests.test_iteration7_features.TestExcelImportE2EFlow" name="test_admin_view_batch_details" time="0.234" /><testcase classname="backend.tests.test_iteration7_features.TestExcelImportE2EFlow" name="test_admin_download_batch_excel" time="0.246" /><testcase classname="backend.tests.test_iteration7_features.TestExcelImportE2EFlow" name="test_admin_approve_endorsement_from_batch" time="14.923" /><testcase classname="backend.tests.test_iteration7_features.TestPolicyTypeEnum" name="test_policy_type_enum_values" time="1.568" /></testsuite></testsuites>