<?xml version="1.0" encoding="utf-8"?><testsuites name="pytest tests"><testsuite name="pytest" errors="0" failures="0" skipped="0" tests="15" time="3.160" timestamp="2026-04-09T18:27:21.599744+00:00" hostname="agent-env-508d9b6f-8816-4713-b04e-99e3222db918"><testcase classname="backend.tests.test_iteration12_features.TestClaimsEndpoints" name="test_get_claims_list" time="0.614" /><testcase classname="backend.tests.test_iteration12_features.TestClaimsEndpoints" name="test_create_claim_admin_only" time="0.230" /><testcase classname="backend.tests.test_iteration12_features.TestClaimsEndpoints" name="test_create_claim_hr_forbidden" time="0.426" /><testcase classname="backend.tests.test_iteration12_features.TestClaimsEndpoints" name="test_get_single_claim" time="0.112" /><testcase classname="backend.tests.test_iteration12_features.TestClaimsEndpoints" name="test_update_claim_admin_only" time="0.118" /><testcase classname="backend.tests.test_iteration12_features.TestClaimsEndpoints" name="test_update_claim_hr_forbidden" time="0.117" /><testcase classname="backend.tests.test_iteration12_features.TestClaimsEndpoints" name="test_delete_claim_admin_only" time="0.251" /><testcase classname="backend.tests.test_iteration12_features.TestClaimsEndpoints" name="test_delete_claim_hr_forbidden" time="0.429" /><testcase classname="backend.tests.test_iteration12_features.TestClaimsAnalytics" name="test_get_claims_analytics" time="0.114" /><testcase classname="backend.tests.test_iteration12_features.TestClaimsAnalytics" name="test_claims_analytics_hr_access" time="0.115" /><testcase classname="backend.tests.test_iteration12_features.TestClaimsAnalytics" name="test_claims_analytics_with_filter" time="0.103" /><testcase classname="backend.tests.test_iteration12_features.TestPoliciesAnalytics" name="test_get_policies_analytics" time="0.103" /><testcase classname="backend.tests.test_iteration12_features.TestPoliciesAnalytics" name="test_policies_analytics_hr_access" time="0.113" /><testcase classname="backend.tests.test_iteration12_features.TestClaimsFiltering" name="test_claims_filter_by_status" time="0.136" /><testcase classname="backend.tests.test_iteration12_features.TestClaimsFiltering" name="test_claims_filter_by_policy_type" time="0.107" /></testsuite></testsuites>