<?xml version="1.0" encoding="utf-8"?><testsuites name="pytest tests"><testsuite name="pytest" errors="0" failures="0" skipped="0" tests="9" time="14.772" timestamp="2026-04-09T18:04:40.027565+00:00" hostname="agent-env-fade2d93-b2d5-4364-aa98-7e969041045c"><testcase classname="backend.tests.test_iteration11_features.TestMasterAdminLogin" name="test_master_admin_login_success" time="0.432" /><testcase classname="backend.tests.test_iteration11_features.TestMasterAdminLogin" name="test_master_admin_wrong_password" time="0.488" /><testcase classname="backend.tests.test_iteration11_features.TestMasterAdminUserManagement" name="test_master_admin_can_list_users" time="0.466" /><testcase classname="backend.tests.test_iteration11_features.TestPromoteUserToAdmin" name="test_promote_hr_to_admin_success" time="1.070" /><testcase classname="backend.tests.test_iteration11_features.TestPromoteUserToAdmin" name="test_promote_already_admin_returns_400" time="0.579" /><testcase classname="backend.tests.test_iteration11_features.TestPromoteUserToAdmin" name="test_promote_by_non_admin_returns_403" time="0.496" /><testcase classname="backend.tests.test_iteration11_features.TestUniqueEmailEnforcement" name="test_duplicate_email_rejected_on_create" time="0.931" /><testcase classname="backend.tests.test_iteration11_features.TestEndorsementEmailWithExcel" name="test_endorsement_submission_success" time="8.481" /><testcase classname="backend.tests.test_iteration11_features.TestAdminLogin" name="test_admin_login_success" time="1.775" /></testsuite></testsuites>