<?xml version="1.0" encoding="utf-8"?><testsuites name="pytest tests"><testsuite name="pytest" errors="0" failures="0" skipped="0" tests="25" time="96.739" timestamp="2026-04-05T16:25:04.645049+00:00" hostname="agent-env-fade2d93-b2d5-4364-aa98-7e969041045c"><testcase classname="backend.tests.test_new_features.TestAuthentication" name="test_admin_login" time="0.456" /><testcase classname="backend.tests.test_new_features.TestAuthentication" name="test_hr_login" time="0.335" /><testcase classname="backend.tests.test_new_features.TestCDLedger" name="test_get_cd_ledger_admin" time="0.512" /><testcase classname="backend.tests.test_new_features.TestCDLedger" name="test_get_cd_ledger_hr" time="0.480" /><testcase classname="backend.tests.test_new_features.TestCDLedger" name="test_add_cd_ledger_entry_admin" time="0.109" /><testcase classname="backend.tests.test_new_features.TestCDLedger" name="test_add_cd_ledger_entry_hr_forbidden" time="0.110" /><testcase classname="backend.tests.test_new_features.TestCDLedger" name="test_delete_cd_ledger_entry_admin" time="0.220" /><testcase classname="backend.tests.test_new_features.TestCDLedger" name="test_delete_cd_ledger_entry_hr_forbidden" time="0.346" /><testcase classname="backend.tests.test_new_features.TestCDLedger" name="test_cd_ledger_running_balance" time="0.117" /><testcase classname="backend.tests.test_new_features.TestImportBatches" name="test_get_import_batches_admin" time="0.114" /><testcase classname="backend.tests.test_new_features.TestImportBatches" name="test_get_import_batches_hr" time="0.105" /><testcase classname="backend.tests.test_new_features.TestImportBatches" name="test_get_batch_detail" time="0.114" /><testcase classname="backend.tests.test_new_features.TestImportBatches" name="test_download_batch_excel" time="0.116" /><testcase classname="backend.tests.test_new_features.TestImportBatches" name="test_download_nonexistent_batch" time="0.145" /><testcase classname="backend.tests.test_new_features.TestExcelPreview" name="test_preview_endpoint_exists" time="0.128" /><testcase classname="backend.tests.test_new_features.TestExcelPreview" name="test_preview_invalid_file_type" time="0.113" /><testcase classname="backend.tests.test_new_features.TestBackdatingValidation" name="test_endorsement_with_valid_doj" time="11.457" /><testcase classname="backend.tests.test_new_features.TestBackdatingValidation" name="test_endorsement_with_backdated_doj_rejected" time="0.220" /><testcase classname="backend.tests.test_new_features.TestBackdatingValidation" name="test_endorsement_with_backdated_dol_rejected" time="0.552" /><testcase classname="backend.tests.test_new_features.TestProrataPremium" name="test_addition_has_positive_premium" time="14.851" /><testcase classname="backend.tests.test_new_features.TestProrataPremium" name="test_deletion_has_negative_premium" time="17.355" /><testcase classname="backend.tests.test_new_features.TestProrataPremium" name="test_correction_has_zero_premium" time="9.500" /><testcase classname="backend.tests.test_new_features.TestProrataPremium" name="test_midterm_addition_has_positive_premium" time="9.276" /><testcase classname="backend.tests.test_new_features.TestEndorsementFields" name="test_endorsement_has_annual_premium_field" time="0.119" /><testcase classname="backend.tests.test_new_features.TestCDLedgerAutoDeduction" name="test_approval_creates_cd_entry" time="29.779" /></testsuite></testsuites>