<?xml version="1.0" encoding="utf-8"?><testsuites name="pytest tests"><testsuite name="pytest" errors="0" failures="1" skipped="0" tests="14" time="5.470" timestamp="2026-02-03T17:46:48.838952+00:00" hostname="agent-env-6090ac84-4a65-48be-a37e-701506f48a01"><testcase classname="backend.tests.test_endorsement_portal.TestAuthentication" name="test_hr_login_success" time="0.350" /><testcase classname="backend.tests.test_endorsement_portal.TestAuthentication" name="test_admin_login_success" time="0.267" /><testcase classname="backend.tests.test_endorsement_portal.TestAuthentication" name="test_login_invalid_credentials" time="0.041" /><testcase classname="backend.tests.test_endorsement_portal.TestAuthentication" name="test_get_current_user" time="0.302" /><testcase classname="backend.tests.test_endorsement_portal.TestPolicies" name="test_get_policies" time="0.292" /><testcase classname="backend.tests.test_endorsement_portal.TestPolicies" name="test_create_policy_admin_only" time="0.598" /><testcase classname="backend.tests.test_endorsement_portal.TestEndorsements" name="test_submit_endorsement_with_new_fields" time="0.593" /><testcase classname="backend.tests.test_endorsement_portal.TestEndorsements" name="test_get_endorsements_hr" time="0.293" /><testcase classname="backend.tests.test_endorsement_portal.TestEndorsements" name="test_get_endorsements_admin" time="0.299"><failure message="assert 520 == 200&#10; +  where 520 = &lt;Response [520]&gt;.status_code">backend/tests/test_endorsement_portal.py:273: in test_get_endorsements_admin
    assert response.status_code == 200
E   assert 520 == 200
E    +  where 520 = &lt;Response [520]&gt;.status_code</failure></testcase><testcase classname="backend.tests.test_endorsement_portal.TestEndorsements" name="test_get_pending_endorsements" time="0.300" /><testcase classname="backend.tests.test_endorsement_portal.TestEndorsements" name="test_approve_endorsement" time="0.645" /><testcase classname="backend.tests.test_endorsement_portal.TestExcelImportExport" name="test_download_template" time="0.713" /><testcase classname="backend.tests.test_endorsement_portal.TestExcelImportExport" name="test_download_approved_endorsements" time="0.314" /><testcase classname="backend.tests.test_endorsement_portal.TestEndorsementStats" name="test_get_stats_summary" time="0.316" /></testsuite></testsuites>